14:15:43 **** Incremental Build of configuration Debug for project scarlet ****
make all 
Building file: ../src/Node.cpp
Invoking: GCC C++ Compiler
g++ -O0 -g3 -Wall -c -fmessage-length=0 -MMD -MP -MF"src/Node.d" -MT"src/Node.o" -o "src/Node.o" "../src/Node.cpp"
In file included from ../src/Node.h:23:0,
                 from ../src/Node.cpp:8:
../src/Link.h: In member function ‘Link& Link::operator=(const Link&)’:
../src/Link.h:51:2: warning: no return statement in function returning non-void [-Wreturn-type]
  }
  ^
Finished building: ../src/Node.cpp
 
Building file: ../src/Script.cpp
Invoking: GCC C++ Compiler
g++ -O0 -g3 -Wall -c -fmessage-length=0 -MMD -MP -MF"src/Script.d" -MT"src/Script.o" -o "src/Script.o" "../src/Script.cpp"
Finished building: ../src/Script.cpp
 
Building file: ../src/main.cpp
Invoking: GCC C++ Compiler
g++ -O0 -g3 -Wall -c -fmessage-length=0 -MMD -MP -MF"src/main.d" -MT"src/main.o" -o "src/main.o" "../src/main.cpp"
In file included from ../src/Node.h:23:0,
                 from ../src/main.cpp:13:
../src/Link.h: In member function ‘Link& Link::operator=(const Link&)’:
../src/Link.h:51:2: warning: no return statement in function returning non-void [-Wreturn-type]
  }
  ^
Finished building: ../src/main.cpp
 
Building target: scarlet
Invoking: GCC C++ Linker
g++  -o "scarlet"  ./src/Node.o ./src/Script.o ./src/main.o   
Finished building target: scarlet
 

14:15:43 Build Finished (took 419ms)

