Drill report for /home/luca/projects/varcolan_sv/03_hardware/interface/interface.kicad_pcb
Created on Thu 21 Jul 2016 11:47:25 AM CEST

Copper Layer Stackup:
    =============================================================
    L1 :  F.Cu                      front
    L2 :  B.Cu                      back


Drill file 'interface.drl' contains
    plated through holes:
    =============================================================
    T1  0,30mm  0,012"  (22 holes)
    T2  0,40mm  0,016"  (5 holes)
    T3  0,50mm  0,020"  (11 holes)
    T4  1,02mm  0,040"  (48 holes)
    T5  1,19mm  0,047"  (2 holes)
    T6  1,80mm  0,071"  (4 holes)

    Total plated holes count 92


Drill file 'interface-NPTH.drl' contains
    unplated through holes:
    =============================================================
    T1  3,20mm  0,126"  (2 holes)

    Total unplated holes count 2
