18:06:00 **** Incremental Build of configuration Debug for project rasp_varcosv ****
make pre-build main-build 
auto build increment
../src/common/cbuildinc.sh ../src/version.h
Build number increment (C/C++ version)
actual dir:
/data/projects/saet/00_projects/varcolan_sv/01_software/rasp_varcosv/Debug
 
Building file: ../src/wiringPi/ads1115.c
Invoking: Cross GCC Compiler
arm-linux-gnueabihf-gcc -DRASPBERRY -DHPROT_ENABLE_RX_RAW_BUFFER -DHPROT_USE_CRYPTO -DHPROT_RX_RAW_BUFFER_CRYPTO -I"/data/projects/saet/00_projects/varcolan_sv/01_software/rasp_varcosv/src/wiringPi" -O0 -g3 -Wall -c -fmessage-length=0 -MMD -MP -MF"src/wiringPi/ads1115.d" -MT"src/wiringPi/ads1115.o" -o "src/wiringPi/ads1115.o" "../src/wiringPi/ads1115.c"
Finished building: ../src/wiringPi/ads1115.c
 
Building file: ../src/wiringPi/max31855.c
Invoking: Cross GCC Compiler
arm-linux-gnueabihf-gcc -DRASPBERRY -DHPROT_ENABLE_RX_RAW_BUFFER -DHPROT_USE_CRYPTO -DHPROT_RX_RAW_BUFFER_CRYPTO -I"/data/projects/saet/00_projects/varcolan_sv/01_software/rasp_varcosv/src/wiringPi" -O0 -g3 -Wall -c -fmessage-length=0 -MMD -MP -MF"src/wiringPi/max31855.d" -MT"src/wiringPi/max31855.o" -o "src/wiringPi/max31855.o" "../src/wiringPi/max31855.c"
Finished building: ../src/wiringPi/max31855.c
 
Building file: ../src/wiringPi/max5322.c
Invoking: Cross GCC Compiler
arm-linux-gnueabihf-gcc -DRASPBERRY -DHPROT_ENABLE_RX_RAW_BUFFER -DHPROT_USE_CRYPTO -DHPROT_RX_RAW_BUFFER_CRYPTO -I"/data/projects/saet/00_projects/varcolan_sv/01_software/rasp_varcosv/src/wiringPi" -O0 -g3 -Wall -c -fmessage-length=0 -MMD -MP -MF"src/wiringPi/max5322.d" -MT"src/wiringPi/max5322.o" -o "src/wiringPi/max5322.o" "../src/wiringPi/max5322.c"
Finished building: ../src/wiringPi/max5322.c
 
Building file: ../src/wiringPi/mcp23008.c
Invoking: Cross GCC Compiler
arm-linux-gnueabihf-gcc -DRASPBERRY -DHPROT_ENABLE_RX_RAW_BUFFER -DHPROT_USE_CRYPTO -DHPROT_RX_RAW_BUFFER_CRYPTO -I"/data/projects/saet/00_projects/varcolan_sv/01_software/rasp_varcosv/src/wiringPi" -O0 -g3 -Wall -c -fmessage-length=0 -MMD -MP -MF"src/wiringPi/mcp23008.d" -MT"src/wiringPi/mcp23008.o" -o "src/wiringPi/mcp23008.o" "../src/wiringPi/mcp23008.c"
Finished building: ../src/wiringPi/mcp23008.c
 
Building file: ../src/wiringPi/mcp23016.c
Invoking: Cross GCC Compiler
arm-linux-gnueabihf-gcc -DRASPBERRY -DHPROT_ENABLE_RX_RAW_BUFFER -DHPROT_USE_CRYPTO -DHPROT_RX_RAW_BUFFER_CRYPTO -I"/data/projects/saet/00_projects/varcolan_sv/01_software/rasp_varcosv/src/wiringPi" -O0 -g3 -Wall -c -fmessage-length=0 -MMD -MP -MF"src/wiringPi/mcp23016.d" -MT"src/wiringPi/mcp23016.o" -o "src/wiringPi/mcp23016.o" "../src/wiringPi/mcp23016.c"
Finished building: ../src/wiringPi/mcp23016.c
 
Building file: ../src/wiringPi/mcp23017.c
Invoking: Cross GCC Compiler
arm-linux-gnueabihf-gcc -DRASPBERRY -DHPROT_ENABLE_RX_RAW_BUFFER -DHPROT_USE_CRYPTO -DHPROT_RX_RAW_BUFFER_CRYPTO -I"/data/projects/saet/00_projects/varcolan_sv/01_software/rasp_varcosv/src/wiringPi" -O0 -g3 -Wall -c -fmessage-length=0 -MMD -MP -MF"src/wiringPi/mcp23017.d" -MT"src/wiringPi/mcp23017.o" -o "src/wiringPi/mcp23017.o" "../src/wiringPi/mcp23017.c"
Finished building: ../src/wiringPi/mcp23017.c
 
Building file: ../src/wiringPi/mcp23s08.c
Invoking: Cross GCC Compiler
arm-linux-gnueabihf-gcc -DRASPBERRY -DHPROT_ENABLE_RX_RAW_BUFFER -DHPROT_USE_CRYPTO -DHPROT_RX_RAW_BUFFER_CRYPTO -I"/data/projects/saet/00_projects/varcolan_sv/01_software/rasp_varcosv/src/wiringPi" -O0 -g3 -Wall -c -fmessage-length=0 -MMD -MP -MF"src/wiringPi/mcp23s08.d" -MT"src/wiringPi/mcp23s08.o" -o "src/wiringPi/mcp23s08.o" "../src/wiringPi/mcp23s08.c"
Finished building: ../src/wiringPi/mcp23s08.c
 
Building file: ../src/wiringPi/mcp23s17.c
Invoking: Cross GCC Compiler
arm-linux-gnueabihf-gcc -DRASPBERRY -DHPROT_ENABLE_RX_RAW_BUFFER -DHPROT_USE_CRYPTO -DHPROT_RX_RAW_BUFFER_CRYPTO -I"/data/projects/saet/00_projects/varcolan_sv/01_software/rasp_varcosv/src/wiringPi" -O0 -g3 -Wall -c -fmessage-length=0 -MMD -MP -MF"src/wiringPi/mcp23s17.d" -MT"src/wiringPi/mcp23s17.o" -o "src/wiringPi/mcp23s17.o" "../src/wiringPi/mcp23s17.c"
Finished building: ../src/wiringPi/mcp23s17.c
 
Building file: ../src/wiringPi/mcp3002.c
Invoking: Cross GCC Compiler
arm-linux-gnueabihf-gcc -DRASPBERRY -DHPROT_ENABLE_RX_RAW_BUFFER -DHPROT_USE_CRYPTO -DHPROT_RX_RAW_BUFFER_CRYPTO -I"/data/projects/saet/00_projects/varcolan_sv/01_software/rasp_varcosv/src/wiringPi" -O0 -g3 -Wall -c -fmessage-length=0 -MMD -MP -MF"src/wiringPi/mcp3002.d" -MT"src/wiringPi/mcp3002.o" -o "src/wiringPi/mcp3002.o" "../src/wiringPi/mcp3002.c"
Finished building: ../src/wiringPi/mcp3002.c
 
Building file: ../src/wiringPi/mcp3004.c
Invoking: Cross GCC Compiler
arm-linux-gnueabihf-gcc -DRASPBERRY -DHPROT_ENABLE_RX_RAW_BUFFER -DHPROT_USE_CRYPTO -DHPROT_RX_RAW_BUFFER_CRYPTO -I"/data/projects/saet/00_projects/varcolan_sv/01_software/rasp_varcosv/src/wiringPi" -O0 -g3 -Wall -c -fmessage-length=0 -MMD -MP -MF"src/wiringPi/mcp3004.d" -MT"src/wiringPi/mcp3004.o" -o "src/wiringPi/mcp3004.o" "../src/wiringPi/mcp3004.c"
Finished building: ../src/wiringPi/mcp3004.c
 
Building file: ../src/wiringPi/mcp3422.c
Invoking: Cross GCC Compiler
arm-linux-gnueabihf-gcc -DRASPBERRY -DHPROT_ENABLE_RX_RAW_BUFFER -DHPROT_USE_CRYPTO -DHPROT_RX_RAW_BUFFER_CRYPTO -I"/data/projects/saet/00_projects/varcolan_sv/01_software/rasp_varcosv/src/wiringPi" -O0 -g3 -Wall -c -fmessage-length=0 -MMD -MP -MF"src/wiringPi/mcp3422.d" -MT"src/wiringPi/mcp3422.o" -o "src/wiringPi/mcp3422.o" "../src/wiringPi/mcp3422.c"
Finished building: ../src/wiringPi/mcp3422.c
 
Building file: ../src/wiringPi/mcp4802.c
Invoking: Cross GCC Compiler
arm-linux-gnueabihf-gcc -DRASPBERRY -DHPROT_ENABLE_RX_RAW_BUFFER -DHPROT_USE_CRYPTO -DHPROT_RX_RAW_BUFFER_CRYPTO -I"/data/projects/saet/00_projects/varcolan_sv/01_software/rasp_varcosv/src/wiringPi" -O0 -g3 -Wall -c -fmessage-length=0 -MMD -MP -MF"src/wiringPi/mcp4802.d" -MT"src/wiringPi/mcp4802.o" -o "src/wiringPi/mcp4802.o" "../src/wiringPi/mcp4802.c"
Finished building: ../src/wiringPi/mcp4802.c
 
Building file: ../src/wiringPi/pcf8574.c
Invoking: Cross GCC Compiler
arm-linux-gnueabihf-gcc -DRASPBERRY -DHPROT_ENABLE_RX_RAW_BUFFER -DHPROT_USE_CRYPTO -DHPROT_RX_RAW_BUFFER_CRYPTO -I"/data/projects/saet/00_projects/varcolan_sv/01_software/rasp_varcosv/src/wiringPi" -O0 -g3 -Wall -c -fmessage-length=0 -MMD -MP -MF"src/wiringPi/pcf8574.d" -MT"src/wiringPi/pcf8574.o" -o "src/wiringPi/pcf8574.o" "../src/wiringPi/pcf8574.c"
Finished building: ../src/wiringPi/pcf8574.c
 
Building file: ../src/wiringPi/pcf8591.c
Invoking: Cross GCC Compiler
arm-linux-gnueabihf-gcc -DRASPBERRY -DHPROT_ENABLE_RX_RAW_BUFFER -DHPROT_USE_CRYPTO -DHPROT_RX_RAW_BUFFER_CRYPTO -I"/data/projects/saet/00_projects/varcolan_sv/01_software/rasp_varcosv/src/wiringPi" -O0 -g3 -Wall -c -fmessage-length=0 -MMD -MP -MF"src/wiringPi/pcf8591.d" -MT"src/wiringPi/pcf8591.o" -o "src/wiringPi/pcf8591.o" "../src/wiringPi/pcf8591.c"
Finished building: ../src/wiringPi/pcf8591.c
 
Building file: ../src/wiringPi/piHiPri.c
Invoking: Cross GCC Compiler
arm-linux-gnueabihf-gcc -DRASPBERRY -DHPROT_ENABLE_RX_RAW_BUFFER -DHPROT_USE_CRYPTO -DHPROT_RX_RAW_BUFFER_CRYPTO -I"/data/projects/saet/00_projects/varcolan_sv/01_software/rasp_varcosv/src/wiringPi" -O0 -g3 -Wall -c -fmessage-length=0 -MMD -MP -MF"src/wiringPi/piHiPri.d" -MT"src/wiringPi/piHiPri.o" -o "src/wiringPi/piHiPri.o" "../src/wiringPi/piHiPri.c"
Finished building: ../src/wiringPi/piHiPri.c
 
Building file: ../src/wiringPi/piThread.c
Invoking: Cross GCC Compiler
arm-linux-gnueabihf-gcc -DRASPBERRY -DHPROT_ENABLE_RX_RAW_BUFFER -DHPROT_USE_CRYPTO -DHPROT_RX_RAW_BUFFER_CRYPTO -I"/data/projects/saet/00_projects/varcolan_sv/01_software/rasp_varcosv/src/wiringPi" -O0 -g3 -Wall -c -fmessage-length=0 -MMD -MP -MF"src/wiringPi/piThread.d" -MT"src/wiringPi/piThread.o" -o "src/wiringPi/piThread.o" "../src/wiringPi/piThread.c"
Finished building: ../src/wiringPi/piThread.c
 
Building file: ../src/wiringPi/sn3218.c
Invoking: Cross GCC Compiler
arm-linux-gnueabihf-gcc -DRASPBERRY -DHPROT_ENABLE_RX_RAW_BUFFER -DHPROT_USE_CRYPTO -DHPROT_RX_RAW_BUFFER_CRYPTO -I"/data/projects/saet/00_projects/varcolan_sv/01_software/rasp_varcosv/src/wiringPi" -O0 -g3 -Wall -c -fmessage-length=0 -MMD -MP -MF"src/wiringPi/sn3218.d" -MT"src/wiringPi/sn3218.o" -o "src/wiringPi/sn3218.o" "../src/wiringPi/sn3218.c"
Finished building: ../src/wiringPi/sn3218.c
 
Building file: ../src/wiringPi/softPwm.c
Invoking: Cross GCC Compiler
arm-linux-gnueabihf-gcc -DRASPBERRY -DHPROT_ENABLE_RX_RAW_BUFFER -DHPROT_USE_CRYPTO -DHPROT_RX_RAW_BUFFER_CRYPTO -I"/data/projects/saet/00_projects/varcolan_sv/01_software/rasp_varcosv/src/wiringPi" -O0 -g3 -Wall -c -fmessage-length=0 -MMD -MP -MF"src/wiringPi/softPwm.d" -MT"src/wiringPi/softPwm.o" -o "src/wiringPi/softPwm.o" "../src/wiringPi/softPwm.c"
Finished building: ../src/wiringPi/softPwm.c
 
Building file: ../src/wiringPi/softServo.c
Invoking: Cross GCC Compiler
arm-linux-gnueabihf-gcc -DRASPBERRY -DHPROT_ENABLE_RX_RAW_BUFFER -DHPROT_USE_CRYPTO -DHPROT_RX_RAW_BUFFER_CRYPTO -I"/data/projects/saet/00_projects/varcolan_sv/01_software/rasp_varcosv/src/wiringPi" -O0 -g3 -Wall -c -fmessage-length=0 -MMD -MP -MF"src/wiringPi/softServo.d" -MT"src/wiringPi/softServo.o" -o "src/wiringPi/softServo.o" "../src/wiringPi/softServo.c"
Finished building: ../src/wiringPi/softServo.c
 
Building file: ../src/wiringPi/softTone.c
Invoking: Cross GCC Compiler
arm-linux-gnueabihf-gcc -DRASPBERRY -DHPROT_ENABLE_RX_RAW_BUFFER -DHPROT_USE_CRYPTO -DHPROT_RX_RAW_BUFFER_CRYPTO -I"/data/projects/saet/00_projects/varcolan_sv/01_software/rasp_varcosv/src/wiringPi" -O0 -g3 -Wall -c -fmessage-length=0 -MMD -MP -MF"src/wiringPi/softTone.d" -MT"src/wiringPi/softTone.o" -o "src/wiringPi/softTone.o" "../src/wiringPi/softTone.c"
Finished building: ../src/wiringPi/softTone.c
 
Building file: ../src/wiringPi/sr595.c
Invoking: Cross GCC Compiler
arm-linux-gnueabihf-gcc -DRASPBERRY -DHPROT_ENABLE_RX_RAW_BUFFER -DHPROT_USE_CRYPTO -DHPROT_RX_RAW_BUFFER_CRYPTO -I"/data/projects/saet/00_projects/varcolan_sv/01_software/rasp_varcosv/src/wiringPi" -O0 -g3 -Wall -c -fmessage-length=0 -MMD -MP -MF"src/wiringPi/sr595.d" -MT"src/wiringPi/sr595.o" -o "src/wiringPi/sr595.o" "../src/wiringPi/sr595.c"
Finished building: ../src/wiringPi/sr595.c
 
Building file: ../src/wiringPi/wiringPi.c
Invoking: Cross GCC Compiler
arm-linux-gnueabihf-gcc -DRASPBERRY -DHPROT_ENABLE_RX_RAW_BUFFER -DHPROT_USE_CRYPTO -DHPROT_RX_RAW_BUFFER_CRYPTO -I"/data/projects/saet/00_projects/varcolan_sv/01_software/rasp_varcosv/src/wiringPi" -O0 -g3 -Wall -c -fmessage-length=0 -MMD -MP -MF"src/wiringPi/wiringPi.d" -MT"src/wiringPi/wiringPi.o" -o "src/wiringPi/wiringPi.o" "../src/wiringPi/wiringPi.c"
Finished building: ../src/wiringPi/wiringPi.c
 
Building file: ../src/wiringPi/wiringPiI2C.c
Invoking: Cross GCC Compiler
arm-linux-gnueabihf-gcc -DRASPBERRY -DHPROT_ENABLE_RX_RAW_BUFFER -DHPROT_USE_CRYPTO -DHPROT_RX_RAW_BUFFER_CRYPTO -I"/data/projects/saet/00_projects/varcolan_sv/01_software/rasp_varcosv/src/wiringPi" -O0 -g3 -Wall -c -fmessage-length=0 -MMD -MP -MF"src/wiringPi/wiringPiI2C.d" -MT"src/wiringPi/wiringPiI2C.o" -o "src/wiringPi/wiringPiI2C.o" "../src/wiringPi/wiringPiI2C.c"
Finished building: ../src/wiringPi/wiringPiI2C.c
 
Building file: ../src/wiringPi/wiringPiSPI.c
Invoking: Cross GCC Compiler
arm-linux-gnueabihf-gcc -DRASPBERRY -DHPROT_ENABLE_RX_RAW_BUFFER -DHPROT_USE_CRYPTO -DHPROT_RX_RAW_BUFFER_CRYPTO -I"/data/projects/saet/00_projects/varcolan_sv/01_software/rasp_varcosv/src/wiringPi" -O0 -g3 -Wall -c -fmessage-length=0 -MMD -MP -MF"src/wiringPi/wiringPiSPI.d" -MT"src/wiringPi/wiringPiSPI.o" -o "src/wiringPi/wiringPiSPI.o" "../src/wiringPi/wiringPiSPI.c"
Finished building: ../src/wiringPi/wiringPiSPI.c
 
Building file: ../src/wiringPi/wiringShift.c
Invoking: Cross GCC Compiler
arm-linux-gnueabihf-gcc -DRASPBERRY -DHPROT_ENABLE_RX_RAW_BUFFER -DHPROT_USE_CRYPTO -DHPROT_RX_RAW_BUFFER_CRYPTO -I"/data/projects/saet/00_projects/varcolan_sv/01_software/rasp_varcosv/src/wiringPi" -O0 -g3 -Wall -c -fmessage-length=0 -MMD -MP -MF"src/wiringPi/wiringShift.d" -MT"src/wiringPi/wiringShift.o" -o "src/wiringPi/wiringShift.o" "../src/wiringPi/wiringShift.c"
Finished building: ../src/wiringPi/wiringShift.c
 
Building file: ../src/db/DBWrapper.cpp
Invoking: Cross G++ Compiler
arm-linux-gnueabihf-g++ -DRASPBERRY -DHPROT_ENABLE_RX_RAW_BUFFER -DHPROT_USE_CRYPTO -DHPROT_RX_RAW_BUFFER_CRYPTO -DHPROT_DEBUG -DSQLITE_THREADSAFE=2 -I"/data/projects/saet/00_projects/varcolan_sv/01_software/rasp_varcosv/src/wiringPi" -O0 -g3 -Wall -c -fmessage-length=0 -MMD -MP -MF"src/db/DBWrapper.d" -MT"src/db/DBWrapper.o" -o "src/db/DBWrapper.o" "../src/db/DBWrapper.cpp"
In file included from ../src/db/DBWrapper.h:28:0,
                 from ../src/db/DBWrapper.cpp:8:
../src/db/../Crc32.h: In member function ‘long unsigned int Crc32::CalculateFileCRC(std::string)’:
../src/db/../Crc32.h:67:6: warning: variable ‘i’ set but not used [-Wunused-but-set-variable]
  int i;
      ^
../src/db/DBWrapper.cpp: In member function ‘int DBWrapper::getBadgeMaxId()’:
../src/db/DBWrapper.cpp:1044:6: warning: unused variable ‘badge’ [-Wunused-variable]
 char badge[30];
      ^
../src/db/DBWrapper.cpp: In member function ‘bool DBWrapper::loadTerminals()’:
../src/db/DBWrapper.cpp:1373:5: warning: unused variable ‘cnt’ [-Wunused-variable]
 int cnt=0;
     ^
../src/db/DBWrapper.cpp: In member function ‘bool DBWrapper::cleanTerminalStatus(int)’:
../src/db/DBWrapper.cpp:1558:10: warning: unused variable ‘temp_at’ [-Wunused-variable]
 uint64_t temp_at;
          ^
../src/db/DBWrapper.cpp: In member function ‘bool DBWrapper::setTerminalStatus(int, int)’:
../src/db/DBWrapper.cpp:1594:10: warning: unused variable ‘temp_at’ [-Wunused-variable]
 uint64_t temp_at;
          ^
../src/db/DBWrapper.cpp: In member function ‘void DBWrapper::activeTerminal2string(uint64_t&, std::string&)’:
../src/db/DBWrapper.cpp:1815:19: warning: left shift count >= width of type [enabled by default]
 uint64_t msk=1UL<<63;
                   ^
../src/db/DBWrapper.cpp: In member function ‘int DBWrapper::getTerminalStatus(int)’:
../src/db/DBWrapper.cpp:1662:1: warning: control reaches end of non-void function [-Wreturn-type]
 }
 ^
Finished building: ../src/db/DBWrapper.cpp
 
Building file: ../src/db/sqlite3.c
Invoking: Cross GCC Compiler
arm-linux-gnueabihf-gcc -DRASPBERRY -DHPROT_ENABLE_RX_RAW_BUFFER -DHPROT_USE_CRYPTO -DHPROT_RX_RAW_BUFFER_CRYPTO -I"/data/projects/saet/00_projects/varcolan_sv/01_software/rasp_varcosv/src/wiringPi" -O0 -g3 -Wall -c -fmessage-length=0 -MMD -MP -MF"src/db/sqlite3.d" -MT"src/db/sqlite3.o" -o "src/db/sqlite3.o" "../src/db/sqlite3.c"
Finished building: ../src/db/sqlite3.c
 
Building file: ../src/common/utils/HashFunctions.cpp
Invoking: Cross G++ Compiler
arm-linux-gnueabihf-g++ -DRASPBERRY -DHPROT_ENABLE_RX_RAW_BUFFER -DHPROT_USE_CRYPTO -DHPROT_RX_RAW_BUFFER_CRYPTO -DHPROT_DEBUG -DSQLITE_THREADSAFE=2 -I"/data/projects/saet/00_projects/varcolan_sv/01_software/rasp_varcosv/src/wiringPi" -O0 -g3 -Wall -c -fmessage-length=0 -MMD -MP -MF"src/common/utils/HashFunctions.d" -MT"src/common/utils/HashFunctions.o" -o "src/common/utils/HashFunctions.o" "../src/common/utils/HashFunctions.cpp"
Finished building: ../src/common/utils/HashFunctions.cpp
 
Building file: ../src/common/utils/Serializer.cpp
Invoking: Cross G++ Compiler
arm-linux-gnueabihf-g++ -DRASPBERRY -DHPROT_ENABLE_RX_RAW_BUFFER -DHPROT_USE_CRYPTO -DHPROT_RX_RAW_BUFFER_CRYPTO -DHPROT_DEBUG -DSQLITE_THREADSAFE=2 -I"/data/projects/saet/00_projects/varcolan_sv/01_software/rasp_varcosv/src/wiringPi" -O0 -g3 -Wall -c -fmessage-length=0 -MMD -MP -MF"src/common/utils/Serializer.d" -MT"src/common/utils/Serializer.o" -o "src/common/utils/Serializer.o" "../src/common/utils/Serializer.cpp"
Finished building: ../src/common/utils/Serializer.cpp
 
Building file: ../src/common/utils/SimpleCfgFile.cpp
Invoking: Cross G++ Compiler
arm-linux-gnueabihf-g++ -DRASPBERRY -DHPROT_ENABLE_RX_RAW_BUFFER -DHPROT_USE_CRYPTO -DHPROT_RX_RAW_BUFFER_CRYPTO -DHPROT_DEBUG -DSQLITE_THREADSAFE=2 -I"/data/projects/saet/00_projects/varcolan_sv/01_software/rasp_varcosv/src/wiringPi" -O0 -g3 -Wall -c -fmessage-length=0 -MMD -MP -MF"src/common/utils/SimpleCfgFile.d" -MT"src/common/utils/SimpleCfgFile.o" -o "src/common/utils/SimpleCfgFile.o" "../src/common/utils/SimpleCfgFile.cpp"
Finished building: ../src/common/utils/SimpleCfgFile.cpp
 
Building file: ../src/common/utils/TaggedBinFile.cpp
Invoking: Cross G++ Compiler
arm-linux-gnueabihf-g++ -DRASPBERRY -DHPROT_ENABLE_RX_RAW_BUFFER -DHPROT_USE_CRYPTO -DHPROT_RX_RAW_BUFFER_CRYPTO -DHPROT_DEBUG -DSQLITE_THREADSAFE=2 -I"/data/projects/saet/00_projects/varcolan_sv/01_software/rasp_varcosv/src/wiringPi" -O0 -g3 -Wall -c -fmessage-length=0 -MMD -MP -MF"src/common/utils/TaggedBinFile.d" -MT"src/common/utils/TaggedBinFile.o" -o "src/common/utils/TaggedBinFile.o" "../src/common/utils/TaggedBinFile.cpp"
Finished building: ../src/common/utils/TaggedBinFile.cpp
 
Building file: ../src/common/utils/TaggedTxtFile.cpp
Invoking: Cross G++ Compiler
arm-linux-gnueabihf-g++ -DRASPBERRY -DHPROT_ENABLE_RX_RAW_BUFFER -DHPROT_USE_CRYPTO -DHPROT_RX_RAW_BUFFER_CRYPTO -DHPROT_DEBUG -DSQLITE_THREADSAFE=2 -I"/data/projects/saet/00_projects/varcolan_sv/01_software/rasp_varcosv/src/wiringPi" -O0 -g3 -Wall -c -fmessage-length=0 -MMD -MP -MF"src/common/utils/TaggedTxtFile.d" -MT"src/common/utils/TaggedTxtFile.o" -o "src/common/utils/TaggedTxtFile.o" "../src/common/utils/TaggedTxtFile.cpp"
../src/common/utils/TaggedTxtFile.cpp: In member function ‘bool TaggedTxtFile::save()’:
../src/common/utils/TaggedTxtFile.cpp:214:25: warning: comparison between signed and unsigned integer expressions [-Wsign-compare]
        if(n>=it->second.linebreak)
                         ^
Finished building: ../src/common/utils/TaggedTxtFile.cpp
 
Building file: ../src/common/utils/Trace.cpp
Invoking: Cross G++ Compiler
arm-linux-gnueabihf-g++ -DRASPBERRY -DHPROT_ENABLE_RX_RAW_BUFFER -DHPROT_USE_CRYPTO -DHPROT_RX_RAW_BUFFER_CRYPTO -DHPROT_DEBUG -DSQLITE_THREADSAFE=2 -I"/data/projects/saet/00_projects/varcolan_sv/01_software/rasp_varcosv/src/wiringPi" -O0 -g3 -Wall -c -fmessage-length=0 -MMD -MP -MF"src/common/utils/Trace.d" -MT"src/common/utils/Trace.o" -o "src/common/utils/Trace.o" "../src/common/utils/Trace.cpp"
Finished building: ../src/common/utils/Trace.cpp
 
Building file: ../src/common/utils/Utils.cpp
Invoking: Cross G++ Compiler
arm-linux-gnueabihf-g++ -DRASPBERRY -DHPROT_ENABLE_RX_RAW_BUFFER -DHPROT_USE_CRYPTO -DHPROT_RX_RAW_BUFFER_CRYPTO -DHPROT_DEBUG -DSQLITE_THREADSAFE=2 -I"/data/projects/saet/00_projects/varcolan_sv/01_software/rasp_varcosv/src/wiringPi" -O0 -g3 -Wall -c -fmessage-length=0 -MMD -MP -MF"src/common/utils/Utils.d" -MT"src/common/utils/Utils.o" -o "src/common/utils/Utils.o" "../src/common/utils/Utils.cpp"
Finished building: ../src/common/utils/Utils.cpp
 
Building file: ../src/common/utils/baseconv.cpp
Invoking: Cross G++ Compiler
arm-linux-gnueabihf-g++ -DRASPBERRY -DHPROT_ENABLE_RX_RAW_BUFFER -DHPROT_USE_CRYPTO -DHPROT_RX_RAW_BUFFER_CRYPTO -DHPROT_DEBUG -DSQLITE_THREADSAFE=2 -I"/data/projects/saet/00_projects/varcolan_sv/01_software/rasp_varcosv/src/wiringPi" -O0 -g3 -Wall -c -fmessage-length=0 -MMD -MP -MF"src/common/utils/baseconv.d" -MT"src/common/utils/baseconv.o" -o "src/common/utils/baseconv.o" "../src/common/utils/baseconv.cpp"
../src/common/utils/baseconv.cpp: In function ‘void InitTables()’:
../src/common/utils/baseconv.cpp:39:30: warning: array subscript has type ‘char’ [-Wchar-subscripts]
  tblCharToInt[tblIntToChar[i]] = i;
                              ^
Finished building: ../src/common/utils/baseconv.cpp
 
Building file: ../src/common/utils/kbhit.cpp
Invoking: Cross G++ Compiler
arm-linux-gnueabihf-g++ -DRASPBERRY -DHPROT_ENABLE_RX_RAW_BUFFER -DHPROT_USE_CRYPTO -DHPROT_RX_RAW_BUFFER_CRYPTO -DHPROT_DEBUG -DSQLITE_THREADSAFE=2 -I"/data/projects/saet/00_projects/varcolan_sv/01_software/rasp_varcosv/src/wiringPi" -O0 -g3 -Wall -c -fmessage-length=0 -MMD -MP -MF"src/common/utils/kbhit.d" -MT"src/common/utils/kbhit.o" -o "src/common/utils/kbhit.o" "../src/common/utils/kbhit.cpp"
../src/common/utils/kbhit.cpp: In function ‘unsigned int kb_getc_e()’:
../src/common/utils/kbhit.cpp:190:7: warning: variable ‘i’ set but not used [-Wunused-but-set-variable]
   int i;
       ^
../src/common/utils/kbhit.cpp: In function ‘unsigned char kb_getc()’:
../src/common/utils/kbhit.cpp:237:7: warning: variable ‘i’ set but not used [-Wunused-but-set-variable]
   int i;
       ^
Finished building: ../src/common/utils/kbhit.cpp
 
Building file: ../src/common/utils/test.cpp
Invoking: Cross G++ Compiler
arm-linux-gnueabihf-g++ -DRASPBERRY -DHPROT_ENABLE_RX_RAW_BUFFER -DHPROT_USE_CRYPTO -DHPROT_RX_RAW_BUFFER_CRYPTO -DHPROT_DEBUG -DSQLITE_THREADSAFE=2 -I"/data/projects/saet/00_projects/varcolan_sv/01_software/rasp_varcosv/src/wiringPi" -O0 -g3 -Wall -c -fmessage-length=0 -MMD -MP -MF"src/common/utils/test.d" -MT"src/common/utils/test.o" -o "src/common/utils/test.o" "../src/common/utils/test.cpp"
Finished building: ../src/common/utils/test.cpp
 
Building file: ../src/common/utils/wc_strncmp.c
Invoking: Cross GCC Compiler
arm-linux-gnueabihf-gcc -DRASPBERRY -DHPROT_ENABLE_RX_RAW_BUFFER -DHPROT_USE_CRYPTO -DHPROT_RX_RAW_BUFFER_CRYPTO -I"/data/projects/saet/00_projects/varcolan_sv/01_software/rasp_varcosv/src/wiringPi" -O0 -g3 -Wall -c -fmessage-length=0 -MMD -MP -MF"src/common/utils/wc_strncmp.d" -MT"src/common/utils/wc_strncmp.o" -o "src/common/utils/wc_strncmp.o" "../src/common/utils/wc_strncmp.c"
Finished building: ../src/common/utils/wc_strncmp.c
 
Building file: ../src/common/serial/serial.c
Invoking: Cross GCC Compiler
arm-linux-gnueabihf-gcc -DRASPBERRY -DHPROT_ENABLE_RX_RAW_BUFFER -DHPROT_USE_CRYPTO -DHPROT_RX_RAW_BUFFER_CRYPTO -I"/data/projects/saet/00_projects/varcolan_sv/01_software/rasp_varcosv/src/wiringPi" -O0 -g3 -Wall -c -fmessage-length=0 -MMD -MP -MF"src/common/serial/serial.d" -MT"src/common/serial/serial.o" -o "src/common/serial/serial.o" "../src/common/serial/serial.c"
../src/common/serial/serial.c: In function ‘serialReadETX’:
../src/common/serial/serial.c:135:5: warning: unused variable ‘ndata’ [-Wunused-variable]
 int ndata;
     ^
Finished building: ../src/common/serial/serial.c
 
Building file: ../src/common/prot6/hprot.c
Invoking: Cross GCC Compiler
arm-linux-gnueabihf-gcc -DRASPBERRY -DHPROT_ENABLE_RX_RAW_BUFFER -DHPROT_USE_CRYPTO -DHPROT_RX_RAW_BUFFER_CRYPTO -I"/data/projects/saet/00_projects/varcolan_sv/01_software/rasp_varcosv/src/wiringPi" -O0 -g3 -Wall -c -fmessage-length=0 -MMD -MP -MF"src/common/prot6/hprot.d" -MT"src/common/prot6/hprot.o" -o "src/common/prot6/hprot.o" "../src/common/prot6/hprot.c"
Finished building: ../src/common/prot6/hprot.c
 
Building file: ../src/comm/CommTh.cpp
Invoking: Cross G++ Compiler
arm-linux-gnueabihf-g++ -DRASPBERRY -DHPROT_ENABLE_RX_RAW_BUFFER -DHPROT_USE_CRYPTO -DHPROT_RX_RAW_BUFFER_CRYPTO -DHPROT_DEBUG -DSQLITE_THREADSAFE=2 -I"/data/projects/saet/00_projects/varcolan_sv/01_software/rasp_varcosv/src/wiringPi" -O0 -g3 -Wall -c -fmessage-length=0 -MMD -MP -MF"src/comm/CommTh.d" -MT"src/comm/CommTh.o" -o "src/comm/CommTh.o" "../src/comm/CommTh.cpp"
In file included from ../src/comm/CommTh.h:25:0,
                 from ../src/comm/CommTh.cpp:8:
../src/comm/../UDPProtocolDebug.h: In member function ‘bool UDPProtocolDebug::startThread(void*, char)’:
../src/comm/../UDPProtocolDebug.h:229:8: warning: variable ‘_arg’ set but not used [-Wunused-but-set-variable]
  void *_arg;
        ^
../src/comm/CommTh.cpp: In member function ‘bool CommTh::startThread(void*, char)’:
../src/comm/CommTh.cpp:631:7: warning: variable ‘_arg’ set but not used [-Wunused-but-set-variable]
 void *_arg;
       ^
Finished building: ../src/comm/CommTh.cpp
 
Building file: ../src/comm/SerCommTh.cpp
Invoking: Cross G++ Compiler
arm-linux-gnueabihf-g++ -DRASPBERRY -DHPROT_ENABLE_RX_RAW_BUFFER -DHPROT_USE_CRYPTO -DHPROT_RX_RAW_BUFFER_CRYPTO -DHPROT_DEBUG -DSQLITE_THREADSAFE=2 -I"/data/projects/saet/00_projects/varcolan_sv/01_software/rasp_varcosv/src/wiringPi" -O0 -g3 -Wall -c -fmessage-length=0 -MMD -MP -MF"src/comm/SerCommTh.d" -MT"src/comm/SerCommTh.o" -o "src/comm/SerCommTh.o" "../src/comm/SerCommTh.cpp"
In file included from ../src/comm/../comm/CommTh.h:25:0,
                 from ../src/comm/../RXHFrame.h:26,
                 from ../src/comm/SerCommTh.h:29,
                 from ../src/comm/SerCommTh.cpp:8:
../src/comm/../comm/../UDPProtocolDebug.h: In member function ‘bool UDPProtocolDebug::startThread(void*, char)’:
../src/comm/../comm/../UDPProtocolDebug.h:229:8: warning: variable ‘_arg’ set but not used [-Wunused-but-set-variable]
  void *_arg;
        ^
Finished building: ../src/comm/SerCommTh.cpp
 
Building file: ../src/comm/SktCliCommTh.cpp
Invoking: Cross G++ Compiler
arm-linux-gnueabihf-g++ -DRASPBERRY -DHPROT_ENABLE_RX_RAW_BUFFER -DHPROT_USE_CRYPTO -DHPROT_RX_RAW_BUFFER_CRYPTO -DHPROT_DEBUG -DSQLITE_THREADSAFE=2 -I"/data/projects/saet/00_projects/varcolan_sv/01_software/rasp_varcosv/src/wiringPi" -O0 -g3 -Wall -c -fmessage-length=0 -MMD -MP -MF"src/comm/SktCliCommTh.d" -MT"src/comm/SktCliCommTh.o" -o "src/comm/SktCliCommTh.o" "../src/comm/SktCliCommTh.cpp"
In file included from ../src/comm/../comm/CommTh.h:25:0,
                 from ../src/comm/../RXHFrame.h:26,
                 from ../src/comm/SktCliCommTh.h:28,
                 from ../src/comm/SktCliCommTh.cpp:8:
../src/comm/../comm/../UDPProtocolDebug.h: In member function ‘bool UDPProtocolDebug::startThread(void*, char)’:
../src/comm/../comm/../UDPProtocolDebug.h:229:8: warning: variable ‘_arg’ set but not used [-Wunused-but-set-variable]
  void *_arg;
        ^
Finished building: ../src/comm/SktCliCommTh.cpp
 
Building file: ../src/comm/SktSrvCommTh.cpp
Invoking: Cross G++ Compiler
arm-linux-gnueabihf-g++ -DRASPBERRY -DHPROT_ENABLE_RX_RAW_BUFFER -DHPROT_USE_CRYPTO -DHPROT_RX_RAW_BUFFER_CRYPTO -DHPROT_DEBUG -DSQLITE_THREADSAFE=2 -I"/data/projects/saet/00_projects/varcolan_sv/01_software/rasp_varcosv/src/wiringPi" -O0 -g3 -Wall -c -fmessage-length=0 -MMD -MP -MF"src/comm/SktSrvCommTh.d" -MT"src/comm/SktSrvCommTh.o" -o "src/comm/SktSrvCommTh.o" "../src/comm/SktSrvCommTh.cpp"
In file included from ../src/comm/../comm/CommTh.h:25:0,
                 from ../src/comm/../RXHFrame.h:26,
                 from ../src/comm/SktSrvCommTh.h:28,
                 from ../src/comm/SktSrvCommTh.cpp:8:
../src/comm/../comm/../UDPProtocolDebug.h: In member function ‘bool UDPProtocolDebug::startThread(void*, char)’:
../src/comm/../comm/../UDPProtocolDebug.h:229:8: warning: variable ‘_arg’ set but not used [-Wunused-but-set-variable]
  void *_arg;
        ^
In file included from ../src/comm/../db/DBWrapper.h:28:0,
                 from ../src/comm/SktSrvCommTh.cpp:25:
../src/comm/../db/../Crc32.h: In member function ‘long unsigned int Crc32::CalculateFileCRC(std::string)’:
../src/comm/../db/../Crc32.h:67:6: warning: variable ‘i’ set but not used [-Wunused-but-set-variable]
  int i;
      ^
Finished building: ../src/comm/SktSrvCommTh.cpp
 
Building file: ../src/comm/SocketServer.cpp
Invoking: Cross G++ Compiler
arm-linux-gnueabihf-g++ -DRASPBERRY -DHPROT_ENABLE_RX_RAW_BUFFER -DHPROT_USE_CRYPTO -DHPROT_RX_RAW_BUFFER_CRYPTO -DHPROT_DEBUG -DSQLITE_THREADSAFE=2 -I"/data/projects/saet/00_projects/varcolan_sv/01_software/rasp_varcosv/src/wiringPi" -O0 -g3 -Wall -c -fmessage-length=0 -MMD -MP -MF"src/comm/SocketServer.d" -MT"src/comm/SocketServer.o" -o "src/comm/SocketServer.o" "../src/comm/SocketServer.cpp"
../src/comm/SocketServer.cpp:629:25: warning: missing terminating " character [enabled by default]
     Try again later!\r\n");
                         ^
Finished building: ../src/comm/SocketServer.cpp
 
Building file: ../src/comm/UDPCommTh.cpp
Invoking: Cross G++ Compiler
arm-linux-gnueabihf-g++ -DRASPBERRY -DHPROT_ENABLE_RX_RAW_BUFFER -DHPROT_USE_CRYPTO -DHPROT_RX_RAW_BUFFER_CRYPTO -DHPROT_DEBUG -DSQLITE_THREADSAFE=2 -I"/data/projects/saet/00_projects/varcolan_sv/01_software/rasp_varcosv/src/wiringPi" -O0 -g3 -Wall -c -fmessage-length=0 -MMD -MP -MF"src/comm/UDPCommTh.d" -MT"src/comm/UDPCommTh.o" -o "src/comm/UDPCommTh.o" "../src/comm/UDPCommTh.cpp"
In file included from ../src/comm/../comm/CommTh.h:25:0,
                 from ../src/comm/../RXHFrame.h:26,
                 from ../src/comm/UDPCommTh.h:26,
                 from ../src/comm/UDPCommTh.cpp:17:
../src/comm/../comm/../UDPProtocolDebug.h: In member function ‘bool UDPProtocolDebug::startThread(void*, char)’:
../src/comm/../comm/../UDPProtocolDebug.h:229:8: warning: variable ‘_arg’ set but not used [-Wunused-but-set-variable]
  void *_arg;
        ^
Finished building: ../src/comm/UDPCommTh.cpp
 
Building file: ../src/RXHFrame.cpp
Invoking: Cross G++ Compiler
arm-linux-gnueabihf-g++ -DRASPBERRY -DHPROT_ENABLE_RX_RAW_BUFFER -DHPROT_USE_CRYPTO -DHPROT_RX_RAW_BUFFER_CRYPTO -DHPROT_DEBUG -DSQLITE_THREADSAFE=2 -I"/data/projects/saet/00_projects/varcolan_sv/01_software/rasp_varcosv/src/wiringPi" -O0 -g3 -Wall -c -fmessage-length=0 -MMD -MP -MF"src/RXHFrame.d" -MT"src/RXHFrame.o" -o "src/RXHFrame.o" "../src/RXHFrame.cpp"
In file included from ../src/comm/CommTh.h:25:0,
                 from ../src/RXHFrame.h:26,
                 from ../src/RXHFrame.cpp:8:
../src/comm/../UDPProtocolDebug.h: In member function ‘bool UDPProtocolDebug::startThread(void*, char)’:
../src/comm/../UDPProtocolDebug.h:229:8: warning: variable ‘_arg’ set but not used [-Wunused-but-set-variable]
  void *_arg;
        ^
Finished building: ../src/RXHFrame.cpp
 
Building file: ../src/Script.cpp
Invoking: Cross G++ Compiler
arm-linux-gnueabihf-g++ -DRASPBERRY -DHPROT_ENABLE_RX_RAW_BUFFER -DHPROT_USE_CRYPTO -DHPROT_RX_RAW_BUFFER_CRYPTO -DHPROT_DEBUG -DSQLITE_THREADSAFE=2 -I"/data/projects/saet/00_projects/varcolan_sv/01_software/rasp_varcosv/src/wiringPi" -O0 -g3 -Wall -c -fmessage-length=0 -MMD -MP -MF"src/Script.d" -MT"src/Script.o" -o "src/Script.o" "../src/Script.cpp"
In file included from ../src/comm/CommTh.h:25:0,
                 from ../src/Script.cpp:11:
../src/comm/../UDPProtocolDebug.h: In member function ‘bool UDPProtocolDebug::startThread(void*, char)’:
../src/comm/../UDPProtocolDebug.h:229:8: warning: variable ‘_arg’ set but not used [-Wunused-but-set-variable]
  void *_arg;
        ^
In file included from ../src/db/DBWrapper.h:28:0,
                 from ../src/Script.cpp:16:
../src/db/../Crc32.h: In member function ‘long unsigned int Crc32::CalculateFileCRC(std::string)’:
../src/db/../Crc32.h:67:6: warning: variable ‘i’ set but not used [-Wunused-but-set-variable]
  int i;
      ^
In file included from ../src/Script.cpp:18:0:
../src/HardwareGPIO.h: In member function ‘void HardwareGPIO::init()’:
../src/HardwareGPIO.h:98:29: warning: comparison between signed and unsigned integer expressions [-Wsign-compare]
  for(int i=0;i<strlen(line_p);i++) if(line_p[i]=='\n') line_p[i]=0;
                             ^
In file included from ../src/Script.cpp:18:0:
../src/HardwareGPIO.h: In member function ‘bool HardwareGPIO::startThread(void*)’:
../src/HardwareGPIO.h:584:8: warning: variable ‘_arg’ set but not used [-Wunused-but-set-variable]
  void *_arg;
        ^
In file included from ../src/Script.cpp:19:0:
../src/BadgeReader.h: In member function ‘bool BadgeReader::startThread(void*)’:
../src/BadgeReader.h:135:8: warning: variable ‘_arg’ set but not used [-Wunused-but-set-variable]
  void *_arg;
        ^
../src/Script.cpp: In member function ‘bool Script::parseScriptLine(std::string, char*)’:
../src/Script.cpp:723:24: warning: comparison between signed and unsigned integer expressions [-Wsign-compare]
     if(i<(toks.size()-1))
                        ^
Finished building: ../src/Script.cpp
 
Building file: ../src/SimpleServer.cpp
Invoking: Cross G++ Compiler
arm-linux-gnueabihf-g++ -DRASPBERRY -DHPROT_ENABLE_RX_RAW_BUFFER -DHPROT_USE_CRYPTO -DHPROT_RX_RAW_BUFFER_CRYPTO -DHPROT_DEBUG -DSQLITE_THREADSAFE=2 -I"/data/projects/saet/00_projects/varcolan_sv/01_software/rasp_varcosv/src/wiringPi" -O0 -g3 -Wall -c -fmessage-length=0 -MMD -MP -MF"src/SimpleServer.d" -MT"src/SimpleServer.o" -o "src/SimpleServer.o" "../src/SimpleServer.cpp"
Finished building: ../src/SimpleServer.cpp
 
Building file: ../src/Slave.cpp
Invoking: Cross G++ Compiler
arm-linux-gnueabihf-g++ -DRASPBERRY -DHPROT_ENABLE_RX_RAW_BUFFER -DHPROT_USE_CRYPTO -DHPROT_RX_RAW_BUFFER_CRYPTO -DHPROT_DEBUG -DSQLITE_THREADSAFE=2 -I"/data/projects/saet/00_projects/varcolan_sv/01_software/rasp_varcosv/src/wiringPi" -O0 -g3 -Wall -c -fmessage-length=0 -MMD -MP -MF"src/Slave.d" -MT"src/Slave.o" -o "src/Slave.o" "../src/Slave.cpp"
In file included from ../src/comm/CommTh.h:25:0,
                 from ../src/Slave.cpp:11:
../src/comm/../UDPProtocolDebug.h: In member function ‘bool UDPProtocolDebug::startThread(void*, char)’:
../src/comm/../UDPProtocolDebug.h:229:8: warning: variable ‘_arg’ set but not used [-Wunused-but-set-variable]
  void *_arg;
        ^
In file included from ../src/db/DBWrapper.h:28:0,
                 from ../src/Slave.cpp:13:
../src/db/../Crc32.h: In member function ‘long unsigned int Crc32::CalculateFileCRC(std::string)’:
../src/db/../Crc32.h:67:6: warning: variable ‘i’ set but not used [-Wunused-but-set-variable]
  int i;
      ^
In file included from ../src/Slave.cpp:15:0:
../src/HardwareGPIO.h: In member function ‘void HardwareGPIO::init()’:
../src/HardwareGPIO.h:98:29: warning: comparison between signed and unsigned integer expressions [-Wsign-compare]
  for(int i=0;i<strlen(line_p);i++) if(line_p[i]=='\n') line_p[i]=0;
                             ^
In file included from ../src/Slave.cpp:15:0:
../src/HardwareGPIO.h: In member function ‘bool HardwareGPIO::startThread(void*)’:
../src/HardwareGPIO.h:584:8: warning: variable ‘_arg’ set but not used [-Wunused-but-set-variable]
  void *_arg;
        ^
In file included from ../src/Slave.cpp:16:0:
../src/BadgeReader.h: In member function ‘bool BadgeReader::startThread(void*)’:
../src/BadgeReader.h:135:8: warning: variable ‘_arg’ set but not used [-Wunused-but-set-variable]
  void *_arg;
        ^
../src/Slave.cpp: In member function ‘void Slave::mainLoop()’:
../src/Slave.cpp:207:9: warning: enumeration value ‘sl_unk’ not handled in switch [-Wswitch]
   switch(gd.deviceList[f.frame.srcID].mainState)
         ^
../src/Slave.cpp: In member function ‘void Slave::handleBadgeReader()’:
../src/Slave.cpp:396:12: warning: unused variable ‘binform1’ [-Wunused-variable]
    uint8_t binform1[BADGE_SIZE],binform2[BADGE_SIZE];
            ^
../src/Slave.cpp:396:33: warning: unused variable ‘binform2’ [-Wunused-variable]
    uint8_t binform1[BADGE_SIZE],binform2[BADGE_SIZE];
                                 ^
../src/Slave.cpp: In member function ‘void Slave::worker_terminalReq(int)’:
../src/Slave.cpp:632:7: warning: enumeration value ‘wkr_unk’ not handled in switch [-Wswitch]
 switch(gd.deviceList[id].workerState)
       ^
../src/Slave.cpp:632:7: warning: enumeration value ‘wkr_newkey_init’ not handled in switch [-Wswitch]
../src/Slave.cpp:632:7: warning: enumeration value ‘wkr_newkey_send’ not handled in switch [-Wswitch]
../src/Slave.cpp:632:7: warning: enumeration value ‘wkr_newkey_done’ not handled in switch [-Wswitch]
../src/Slave.cpp: In member function ‘void Slave::worker_newKey(int)’:
../src/Slave.cpp:851:7: warning: enumeration value ‘wkr_unk’ not handled in switch [-Wswitch]
 switch(gd.deviceList[id].workerState)
       ^
../src/Slave.cpp:851:7: warning: enumeration value ‘wkr_nterm_init’ not handled in switch [-Wswitch]
../src/Slave.cpp:851:7: warning: enumeration value ‘wkr_nterm_req’ not handled in switch [-Wswitch]
../src/Slave.cpp:851:7: warning: enumeration value ‘wkr_nterm_wait’ not handled in switch [-Wswitch]
../src/Slave.cpp:851:7: warning: enumeration value ‘wkr_nterm_param_req’ not handled in switch [-Wswitch]
../src/Slave.cpp:851:7: warning: enumeration value ‘wkr_nterm_param_wait’ not handled in switch [-Wswitch]
../src/Slave.cpp:851:7: warning: enumeration value ‘wkr_nterm_param_end’ not handled in switch [-Wswitch]
Finished building: ../src/Slave.cpp
 
Building file: ../src/TXHFrame.cpp
Invoking: Cross G++ Compiler
arm-linux-gnueabihf-g++ -DRASPBERRY -DHPROT_ENABLE_RX_RAW_BUFFER -DHPROT_USE_CRYPTO -DHPROT_RX_RAW_BUFFER_CRYPTO -DHPROT_DEBUG -DSQLITE_THREADSAFE=2 -I"/data/projects/saet/00_projects/varcolan_sv/01_software/rasp_varcosv/src/wiringPi" -O0 -g3 -Wall -c -fmessage-length=0 -MMD -MP -MF"src/TXHFrame.d" -MT"src/TXHFrame.o" -o "src/TXHFrame.o" "../src/TXHFrame.cpp"
In file included from ../src/comm/CommTh.h:25:0,
                 from ../src/TXHFrame.h:25,
                 from ../src/TXHFrame.cpp:8:
../src/comm/../UDPProtocolDebug.h: In member function ‘bool UDPProtocolDebug::startThread(void*, char)’:
../src/comm/../UDPProtocolDebug.h:229:8: warning: variable ‘_arg’ set but not used [-Wunused-but-set-variable]
  void *_arg;
        ^
../src/TXHFrame.cpp: In member function ‘bool TXHFrame::parseDescFrame(std::string&)’:
../src/TXHFrame.cpp:198:15: warning: comparison between signed and unsigned integer expressions [-Wsign-compare]
 if(tok.size()>ntok) // has data
               ^
../src/TXHFrame.cpp:86:6: warning: unused variable ‘tmp’ [-Wunused-variable]
 char tmp[10];
      ^
Finished building: ../src/TXHFrame.cpp
 
Building file: ../src/TelnetServer.cpp
Invoking: Cross G++ Compiler
arm-linux-gnueabihf-g++ -DRASPBERRY -DHPROT_ENABLE_RX_RAW_BUFFER -DHPROT_USE_CRYPTO -DHPROT_RX_RAW_BUFFER_CRYPTO -DHPROT_DEBUG -DSQLITE_THREADSAFE=2 -I"/data/projects/saet/00_projects/varcolan_sv/01_software/rasp_varcosv/src/wiringPi" -O0 -g3 -Wall -c -fmessage-length=0 -MMD -MP -MF"src/TelnetServer.d" -MT"src/TelnetServer.o" -o "src/TelnetServer.o" "../src/TelnetServer.cpp"
Finished building: ../src/TelnetServer.cpp
 
Building file: ../src/crc.c
Invoking: Cross GCC Compiler
arm-linux-gnueabihf-gcc -DRASPBERRY -DHPROT_ENABLE_RX_RAW_BUFFER -DHPROT_USE_CRYPTO -DHPROT_RX_RAW_BUFFER_CRYPTO -I"/data/projects/saet/00_projects/varcolan_sv/01_software/rasp_varcosv/src/wiringPi" -O0 -g3 -Wall -c -fmessage-length=0 -MMD -MP -MF"src/crc.d" -MT"src/crc.o" -o "src/crc.o" "../src/crc.c"
Finished building: ../src/crc.c
 
Building file: ../src/main.cpp
Invoking: Cross G++ Compiler
arm-linux-gnueabihf-g++ -DRASPBERRY -DHPROT_ENABLE_RX_RAW_BUFFER -DHPROT_USE_CRYPTO -DHPROT_RX_RAW_BUFFER_CRYPTO -DHPROT_DEBUG -DSQLITE_THREADSAFE=2 -I"/data/projects/saet/00_projects/varcolan_sv/01_software/rasp_varcosv/src/wiringPi" -O0 -g3 -Wall -c -fmessage-length=0 -MMD -MP -MF"src/main.d" -MT"src/main.o" -o "src/main.o" "../src/main.cpp"
In file included from ../src/comm/../comm/CommTh.h:25:0,
                 from ../src/comm/../RXHFrame.h:26,
                 from ../src/comm/SerCommTh.h:29,
                 from ../src/main.cpp:12:
../src/comm/../comm/../UDPProtocolDebug.h: In member function ‘bool UDPProtocolDebug::startThread(void*, char)’:
../src/comm/../comm/../UDPProtocolDebug.h:229:8: warning: variable ‘_arg’ set but not used [-Wunused-but-set-variable]
  void *_arg;
        ^
In file included from ../src/main.cpp:15:0:
../src/BadgeReader.h: In member function ‘bool BadgeReader::startThread(void*)’:
../src/BadgeReader.h:135:8: warning: variable ‘_arg’ set but not used [-Wunused-but-set-variable]
  void *_arg;
        ^
In file included from ../src/db/DBWrapper.h:28:0,
                 from ../src/main.cpp:21:
../src/db/../Crc32.h: In member function ‘long unsigned int Crc32::CalculateFileCRC(std::string)’:
../src/db/../Crc32.h:67:6: warning: variable ‘i’ set but not used [-Wunused-but-set-variable]
  int i;
      ^
In file included from ../src/main.cpp:26:0:
../src/HardwareGPIO.h: In member function ‘void HardwareGPIO::init()’:
../src/HardwareGPIO.h:98:29: warning: comparison between signed and unsigned integer expressions [-Wsign-compare]
  for(int i=0;i<strlen(line_p);i++) if(line_p[i]=='\n') line_p[i]=0;
                             ^
In file included from ../src/main.cpp:26:0:
../src/HardwareGPIO.h: In member function ‘bool HardwareGPIO::startThread(void*)’:
../src/HardwareGPIO.h:584:8: warning: variable ‘_arg’ set but not used [-Wunused-but-set-variable]
  void *_arg;
        ^
In file included from ../src/main.cpp:11:0:
../src/main.cpp: In function ‘int main(int, char**)’:
../src/version.h:41:49: warning: unused variable ‘__fwversion__’ [-Wunused-variable]
 #define SET_FW_VERSION()    const volatile char __fwversion__[]="fw_version[" VERSION_MAJOR "." VERSION_MINOR "]"
                                                 ^
../src/main.cpp:59:1: note: in expansion of macro ‘SET_FW_VERSION’
 SET_FW_VERSION();
 ^
../src/version.h:42:48: warning: unused variable ‘__fwname__’ [-Wunused-variable]
 #define SET_FW_NAME()      const volatile char __fwname__[]="fw_name[" APPLICATION_NAME "]"
                                                ^
../src/main.cpp:60:1: note: in expansion of macro ‘SET_FW_NAME’
 SET_FW_NAME();
 ^
Finished building: ../src/main.cpp
 
Building target: varcosv
Invoking: Cross G++ Linker
arm-linux-gnueabihf-g++  -o "varcosv"  ./src/wiringPi/ads1115.o ./src/wiringPi/max31855.o ./src/wiringPi/max5322.o ./src/wiringPi/mcp23008.o ./src/wiringPi/mcp23016.o ./src/wiringPi/mcp23017.o ./src/wiringPi/mcp23s08.o ./src/wiringPi/mcp23s17.o ./src/wiringPi/mcp3002.o ./src/wiringPi/mcp3004.o ./src/wiringPi/mcp3422.o ./src/wiringPi/mcp4802.o ./src/wiringPi/pcf8574.o ./src/wiringPi/pcf8591.o ./src/wiringPi/piHiPri.o ./src/wiringPi/piThread.o ./src/wiringPi/sn3218.o ./src/wiringPi/softPwm.o ./src/wiringPi/softServo.o ./src/wiringPi/softTone.o ./src/wiringPi/sr595.o ./src/wiringPi/wiringPi.o ./src/wiringPi/wiringPiI2C.o ./src/wiringPi/wiringPiSPI.o ./src/wiringPi/wiringShift.o  ./src/db/DBWrapper.o ./src/db/sqlite3.o  ./src/common/utils/HashFunctions.o ./src/common/utils/Serializer.o ./src/common/utils/SimpleCfgFile.o ./src/common/utils/TaggedBinFile.o ./src/common/utils/TaggedTxtFile.o ./src/common/utils/Trace.o ./src/common/utils/Utils.o ./src/common/utils/baseconv.o ./src/common/utils/kbhit.o ./src/common/utils/test.o ./src/common/utils/wc_strncmp.o  ./src/common/serial/serial.o  ./src/common/prot6/hprot.o  ./src/comm/CommTh.o ./src/comm/SerCommTh.o ./src/comm/SktCliCommTh.o ./src/comm/SktSrvCommTh.o ./src/comm/SocketServer.o ./src/comm/UDPCommTh.o  ./src/RXHFrame.o ./src/Script.o ./src/SimpleServer.o ./src/Slave.o ./src/TXHFrame.o ./src/TelnetServer.o ./src/crc.o ./src/main.o   -lpthread -ldl
Finished building target: varcosv
 

18:06:19 Build Finished (took 19s.482ms)

